<?xml version="1.0" encoding="UTF-8"?>
<!-- Generated by org.testng.reporters.JUnitReportReporter -->
<testsuite skipped="0" hostname="LAPTOP-M0V13TJR" name="flightsTestCase.flightsInputs" tests="1" failures="0" timestamp="2020-09-21T16:31:33 IST" time="17.924" errors="0">
  <testcase name="b_userInputs" time="17.924" classname="flightsTestCase.flightsInputs"/>
  <system-out/>
</testsuite> <!-- flightsTestCase.flightsInputs -->
