<?xml version="1.0" encoding="UTF-8"?>
<!-- Generated by org.testng.reporters.JUnitReportReporter -->
<testsuite skipped="0" hostname="LAPTOP-M0V13TJR" name="flightsTestCase.oneWayTrip" tests="9" failures="0" timestamp="2020-09-21T15:18:30 IST" time="36.016" errors="0">
  <testcase name="b_travelType" time="0.172" classname="flightsTestCase.oneWayTrip"/>
  <system-out/>
  <testcase name="e_DepartDate" time="1.686" classname="flightsTestCase.oneWayTrip"/>
  <system-out/>
  <testcase name="f_Adults" time="0.535" classname="flightsTestCase.oneWayTrip"/>
  <system-out/>
  <testcase name="i_Class" time="0.227" classname="flightsTestCase.oneWayTrip"/>
  <system-out/>
  <testcase name="g_Infants" time="0.123" classname="flightsTestCase.oneWayTrip"/>
  <system-out/>
  <testcase name="c_Source" time="2.529" classname="flightsTestCase.oneWayTrip"/>
  <system-out/>
  <testcase name="a_URL" time="27.384" classname="flightsTestCase.oneWayTrip"/>
  <system-out/>
  <testcase name="h_Options" time="0.137" classname="flightsTestCase.oneWayTrip"/>
  <system-out/>
  <testcase name="d_Destination" time="3.223" classname="flightsTestCase.oneWayTrip"/>
  <system-out/>
</testsuite> <!-- flightsTestCase.oneWayTrip -->
