<?xml version="1.0" encoding="UTF-8"?>
<!-- Generated by org.testng.reporters.JUnitReportReporter -->
<testsuite skipped="0" hostname="LAPTOP-M0V13TJR" name="flightsTestCase.roundTrip" tests="11" failures="0" timestamp="2020-09-21T16:31:33 IST" time="77.638" errors="0">
  <testcase name="h_Childrens" time="0.402" classname="flightsTestCase.roundTrip"/>
  <system-out/>
  <testcase name="f_ReturnDate" time="0.484" classname="flightsTestCase.roundTrip"/>
  <system-out/>
  <testcase name="k_Class" time="0.291" classname="flightsTestCase.roundTrip"/>
  <system-out/>
  <testcase name="c_Source" time="2.923" classname="flightsTestCase.roundTrip"/>
  <system-out/>
  <testcase name="i_Infants" time="0.352" classname="flightsTestCase.roundTrip"/>
  <system-out/>
  <testcase name="e_DepartDate" time="2.955" classname="flightsTestCase.roundTrip"/>
  <system-out/>
  <testcase name="j_Options" time="0.175" classname="flightsTestCase.roundTrip"/>
  <system-out/>
  <testcase name="d_Destination" time="3.778" classname="flightsTestCase.roundTrip"/>
  <system-out/>
  <testcase name="g_Adults" time="0.580" classname="flightsTestCase.roundTrip"/>
  <system-out/>
  <testcase name="a_URL" time="65.087" classname="flightsTestCase.roundTrip"/>
  <system-out/>
  <testcase name="b_travelType" time="0.611" classname="flightsTestCase.roundTrip"/>
  <system-out/>
</testsuite> <!-- flightsTestCase.roundTrip -->
