<?xml version="1.0" encoding="UTF-8"?>
<!-- Generated by org.testng.reporters.JUnitReportReporter -->
<testsuite skipped="0" hostname="LAPTOP-M0V13TJR" name="flightsTestCase.multiCity" tests="15" failures="0" timestamp="2020-09-21T15:32:38 IST" time="34.065" errors="0">
  <testcase name="g_toCityTwo" time="3.520" classname="flightsTestCase.multiCity"/>
  <system-out/>
  <testcase name="b_travelType" time="0.330" classname="flightsTestCase.multiCity"/>
  <system-out/>
  <testcase name="f_fromCityTwo" time="0.132" classname="flightsTestCase.multiCity"/>
  <system-out/>
  <testcase name="h_date2" time="0.413" classname="flightsTestCase.multiCity"/>
  <system-out/>
  <testcase name="m_children" time="0.250" classname="flightsTestCase.multiCity"/>
  <system-out/>
  <testcase name="c_fromCityOne" time="3.618" classname="flightsTestCase.multiCity"/>
  <system-out/>
  <testcase name="a_URL" time="15.298" classname="flightsTestCase.multiCity"/>
  <system-out/>
  <testcase name="d_toCityOne" time="4.370" classname="flightsTestCase.multiCity"/>
  <system-out/>
  <testcase name="n_infants" time="0.277" classname="flightsTestCase.multiCity"/>
  <system-out/>
  <testcase name="o_classMode" time="0.319" classname="flightsTestCase.multiCity"/>
  <system-out/>
  <testcase name="i_fromCityThree" time="0.144" classname="flightsTestCase.multiCity"/>
  <system-out/>
  <testcase name="j_toCityThree" time="3.161" classname="flightsTestCase.multiCity"/>
  <system-out/>
  <testcase name="k_date3" time="0.361" classname="flightsTestCase.multiCity"/>
  <system-out/>
  <testcase name="e_date1" time="1.460" classname="flightsTestCase.multiCity"/>
  <system-out/>
  <testcase name="l_adults" time="0.412" classname="flightsTestCase.multiCity"/>
  <system-out/>
</testsuite> <!-- flightsTestCase.multiCity -->
